Traceback (most recent call last):
  File "/home/wjiang33/miniconda3/lib/python3.9/site-packages/jupyter_cache/executors/utils.py", line 58, in single_nb_execution
    executenb(
  File "/home/wjiang33/miniconda3/lib/python3.9/site-packages/nbclient/client.py", line 1204, in execute
    return NotebookClient(nb=nb, resources=resources, km=km, **kwargs).execute()
  File "/home/wjiang33/miniconda3/lib/python3.9/site-packages/nbclient/util.py", line 84, in wrapped
    return just_run(coro(*args, **kwargs))
  File "/home/wjiang33/miniconda3/lib/python3.9/site-packages/nbclient/util.py", line 62, in just_run
    return loop.run_until_complete(coro)
  File "/home/wjiang33/miniconda3/lib/python3.9/asyncio/base_events.py", line 642, in run_until_complete
    return future.result()
  File "/home/wjiang33/miniconda3/lib/python3.9/site-packages/nbclient/client.py", line 663, in async_execute
    await self.async_execute_cell(
  File "/home/wjiang33/miniconda3/lib/python3.9/site-packages/nbclient/client.py", line 965, in async_execute_cell
    await self._check_raise_for_error(cell, cell_index, exec_reply)
  File "/home/wjiang33/miniconda3/lib/python3.9/site-packages/nbclient/client.py", line 862, in _check_raise_for_error
    raise CellExecutionError.from_cell_and_msg(cell, exec_reply_content)
nbclient.exceptions.CellExecutionError: An error occurred while executing the following cell:
------------------
# -------------------------
# Import required packages
# -------------------------

import warnings

import cartopy.crs as ccrs
import matplotlib as mpl
import matplotlib.pyplot as plt
import numpy as np

import seaduck as sd

warnings.filterwarnings("ignore")

mpl.rcParams["figure.dpi"] = 300
------------------

[0;31m---------------------------------------------------------------------------[0m
[0;31mImportError[0m                               Traceback (most recent call last)
Cell [0;32mIn[1], line 7[0m
[1;32m      1[0m [38;5;66;03m# -------------------------[39;00m
[1;32m      2[0m [38;5;66;03m# Import required packages[39;00m
[1;32m      3[0m [38;5;66;03m# -------------------------[39;00m
[1;32m      5[0m [38;5;28;01mimport[39;00m [38;5;21;01mwarnings[39;00m
[0;32m----> 7[0m [38;5;28;01mimport[39;00m [38;5;21;01mcartopy[39;00m[38;5;21;01m.[39;00m[38;5;21;01mcrs[39;00m [38;5;28;01mas[39;00m [38;5;21;01mccrs[39;00m
[1;32m      8[0m [38;5;28;01mimport[39;00m [38;5;21;01mmatplotlib[39;00m [38;5;28;01mas[39;00m [38;5;21;01mmpl[39;00m
[1;32m      9[0m [38;5;28;01mimport[39;00m [38;5;21;01mmatplotlib[39;00m[38;5;21;01m.[39;00m[38;5;21;01mpyplot[39;00m [38;5;28;01mas[39;00m [38;5;21;01mplt[39;00m

File [0;32m~/miniconda3/lib/python3.9/site-packages/cartopy/__init__.py:107[0m
[1;32m    103[0m     [38;5;28;01mpass[39;00m
[1;32m    105[0m [38;5;66;03m# Commonly used sub-modules. Imported here to provide end-user[39;00m
[1;32m    106[0m [38;5;66;03m# convenience.[39;00m
[0;32m--> 107[0m [38;5;28;01mimport[39;00m [38;5;21;01mcartopy[39;00m[38;5;21;01m.[39;00m[38;5;21;01mcrs[39;00m  [38;5;66;03m# noqa: E402  module-level imports[39;00m
[1;32m    108[0m [38;5;28;01mimport[39;00m [38;5;21;01mcartopy[39;00m[38;5;21;01m.[39;00m[38;5;21;01mfeature[39;00m

File [0;32m~/miniconda3/lib/python3.9/site-packages/cartopy/crs.py:22[0m
[1;32m     19[0m [38;5;28;01mimport[39;00m [38;5;21;01mwarnings[39;00m
[1;32m     21[0m [38;5;28;01mimport[39;00m [38;5;21;01mnumpy[39;00m [38;5;28;01mas[39;00m [38;5;21;01mnp[39;00m
[0;32m---> 22[0m [38;5;28;01mimport[39;00m [38;5;21;01mshapely[39;00m[38;5;21;01m.[39;00m[38;5;21;01mgeometry[39;00m [38;5;28;01mas[39;00m [38;5;21;01msgeom[39;00m
[1;32m     23[0m [38;5;28;01mfrom[39;00m [38;5;21;01mpyproj[39;00m [38;5;28;01mimport[39;00m Transformer
[1;32m     24[0m [38;5;28;01mfrom[39;00m [38;5;21;01mpyproj[39;00m[38;5;21;01m.[39;00m[38;5;21;01mexceptions[39;00m [38;5;28;01mimport[39;00m ProjError

File [0;32m~/miniconda3/lib/python3.9/site-packages/shapely/__init__.py:1[0m
[0;32m----> 1[0m [38;5;28;01mfrom[39;00m [38;5;21;01m.[39;00m[38;5;21;01mlib[39;00m [38;5;28;01mimport[39;00m GEOSException  [38;5;66;03m# NOQA[39;00m
[1;32m      2[0m [38;5;28;01mfrom[39;00m [38;5;21;01m.[39;00m[38;5;21;01mlib[39;00m [38;5;28;01mimport[39;00m Geometry  [38;5;66;03m# NOQA[39;00m
[1;32m      3[0m [38;5;28;01mfrom[39;00m [38;5;21;01m.[39;00m[38;5;21;01mlib[39;00m [38;5;28;01mimport[39;00m geos_version, geos_version_string  [38;5;66;03m# NOQA[39;00m

[0;31mImportError[0m: numpy.core.multiarray failed to import
ImportError: numpy.core.multiarray failed to import

